2021-09-24T17:29:13.158Z [info] FUXA V.1.1.01-469
2021-09-24T17:29:13.167Z [info] daqstorage: init successful!
2021-09-24T17:29:13.277Z [info] api: init successful!
2021-09-24T17:29:13.280Z [info] plugin-installed node-opcua 2.50.0
2021-09-24T17:29:13.280Z [info] plugin-installed node-bacnet 0.2.4
2021-09-24T17:29:13.280Z [info] plugin-installed node-snap7 1.0.6
2021-09-24T17:29:13.280Z [info] runtime init plugins successful!
2021-09-24T17:29:13.281Z [info] usrstorage.connected /Users/bilal/Documents/GitHub/FUXA/server/_appdata/users.fuxap.db database
2021-09-24T17:29:13.281Z [info] prjstorage.connected-to /Users/bilal/Documents/GitHub/FUXA/server/_appdata/project.fuxap.db database
2021-09-24T17:29:13.283Z [info] users.usrstorage-init successful!
2021-09-24T17:29:13.366Z [info] project.prjstorage-init-successful!
2021-09-24T17:29:13.366Z [info] users.usrstorage-set-default successful!
2021-09-24T17:29:13.367Z [info] runtime init users successful!
2021-09-24T17:29:13.367Z [info] project.prjstorage-set-default-successful!
2021-09-24T17:29:13.367Z [info] runtime init project successful!
2021-09-24T17:29:13.367Z [info] FUXA init in  219ms.
2021-09-24T17:29:13.370Z [info] daqstorage reset!
2021-09-24T17:29:13.371Z [info] FUXA started!
2021-09-24T17:29:13.396Z [info] WebServer is running http://127.0.0.1:8080/
2021-09-24T17:29:14.039Z [info] socket.io client connected
2021-09-24T17:29:14.378Z [info] alarmsstorage.connected-to /Users/bilal/Documents/GitHub/FUXA/server/_appdata/alarms.fuxap.db database.
2021-09-24T17:29:14.381Z [info] alarms.alarmstorage-init-successful!
2021-09-24T17:29:30.249Z [info] socket.io client connected
2021-09-24T17:30:53.832Z [info] alarms.stop-checkstatus!
2021-09-24T17:30:55.332Z [info] FUXA V.1.1.01-469
2021-09-24T17:30:55.341Z [info] daqstorage: init successful!
2021-09-24T17:30:55.451Z [info] api: init successful!
2021-09-24T17:30:55.453Z [info] plugin-installed node-opcua 2.50.0
2021-09-24T17:30:55.453Z [info] plugin-installed node-bacnet 0.2.4
2021-09-24T17:30:55.453Z [info] plugin-installed node-snap7 1.0.6
2021-09-24T17:30:55.453Z [info] runtime init plugins successful!
2021-09-24T17:30:55.454Z [info] prjstorage.connected-to /Users/bilal/Documents/GitHub/FUXA/server/_appdata/project.fuxap.db database
2021-09-24T17:30:55.455Z [info] usrstorage.connected /Users/bilal/Documents/GitHub/FUXA/server/_appdata/users.fuxap.db database
2021-09-24T17:30:55.458Z [info] project.prjstorage-init-successful!
2021-09-24T17:30:55.458Z [info] runtime init project successful!
2021-09-24T17:30:55.458Z [info] users.usrstorage-init successful!
2021-09-24T17:30:55.458Z [info] runtime init users successful!
2021-09-24T17:30:55.458Z [info] FUXA init in  136ms.
2021-09-24T17:30:55.461Z [info] daqstorage reset!
2021-09-24T17:30:55.462Z [info] FUXA started!
2021-09-24T17:30:55.491Z [info] WebServer is running http://127.0.0.1:8080/
2021-09-24T17:30:56.471Z [info] alarmsstorage.connected-to /Users/bilal/Documents/GitHub/FUXA/server/_appdata/alarms.fuxap.db database.
2021-09-24T17:30:56.473Z [info] alarms.alarmstorage-init-successful!
2021-09-24T17:30:57.716Z [info] socket.io client connected
2021-09-24T17:31:02.431Z [info] socket.io client connected
2021-09-24T17:34:32.477Z [info] socket.io client connected
2021-09-24T17:34:33.988Z [info] socket.io client connected
2021-09-24T17:35:35.168Z [info] socket.io client connected
2021-09-24T17:37:49.182Z [info] socket.io client connected
2021-09-24T17:40:09.125Z [info] socket.io client connected
2021-09-24T17:42:01.196Z [info] socket.io client connected
2021-09-24T17:43:25.015Z [info] socket.io client connected
2021-09-24T17:46:42.183Z [info] socket.io client connected
2021-09-24T17:48:09.039Z [info] socket.io client connected
2021-09-24T17:49:07.029Z [info] socket.io client connected
2021-09-24T17:50:06.977Z [info] socket.io client connected
2021-09-24T17:51:34.077Z [info] socket.io client connected
2021-09-24T17:52:31.815Z [info] socket.io client connected
2021-09-24T17:53:31.960Z [info] socket.io client connected
2021-09-24T17:54:58.492Z [info] socket.io client connected
2021-09-24T17:55:55.744Z [info] socket.io client connected
2021-09-24T17:56:52.878Z [info] socket.io client connected
2021-09-24T17:57:51.934Z [info] socket.io client connected
2021-09-24T17:58:50.814Z [info] socket.io client connected
2021-09-24T17:59:50.128Z [info] socket.io client connected
2021-09-24T18:00:47.905Z [info] socket.io client connected
2021-09-24T18:03:07.358Z [info] socket.io client connected
2021-09-24T18:04:35.029Z [info] socket.io client connected
2021-09-24T18:05:33.220Z [info] socket.io client connected
2021-09-24T18:07:01.887Z [info] socket.io client connected
2021-09-24T18:08:02.003Z [info] socket.io client connected
2021-09-24T18:11:20.009Z [info] socket.io client connected
2021-09-24T18:12:19.592Z [info] socket.io client connected
2021-09-24T18:13:17.969Z [info] socket.io client connected
2021-09-24T18:14:16.910Z [info] socket.io client connected
2021-09-24T18:15:15.925Z [info] socket.io client connected
2021-09-24T18:16:15.980Z [info] socket.io client connected
2021-09-24T18:18:11.099Z [info] socket.io client connected
2021-09-24T18:18:48.150Z [info] socket.io client connected
2021-09-24T18:18:48.162Z [info] socket.io client connected
2021-09-24T18:36:55.916Z [info] socket.io client connected
2021-09-24T18:36:55.926Z [info] socket.io client connected
2021-09-24T18:53:06.809Z [info] socket.io client connected
2021-09-24T18:53:07.447Z [info] socket.io client connected
2021-09-24T19:10:36.867Z [info] socket.io client connected
2021-09-24T19:10:36.883Z [info] socket.io client connected
2021-09-24T19:27:14.630Z [info] socket.io client connected
2021-09-24T19:27:15.138Z [info] socket.io client connected
2021-09-24T19:42:29.425Z [info] socket.io client connected
2021-09-24T19:42:30.376Z [info] socket.io client connected
2021-09-24T19:57:54.098Z [info] socket.io client connected
2021-09-24T19:57:55.028Z [info] socket.io client connected
2021-09-24T20:15:18.035Z [info] socket.io client connected
2021-09-24T20:15:18.044Z [info] socket.io client connected
2021-09-24T20:33:11.476Z [info] socket.io client connected
2021-09-24T20:33:11.754Z [info] socket.io client connected
2021-09-24T20:48:56.091Z [info] socket.io client connected
2021-09-24T20:48:56.826Z [info] socket.io client connected
2021-09-24T21:06:09.903Z [info] socket.io client connected
2021-09-24T21:06:09.957Z [info] socket.io client connected
2021-09-24T21:22:16.491Z [info] socket.io client connected
2021-09-24T21:22:16.573Z [info] socket.io client connected
2021-09-24T21:39:52.447Z [info] socket.io client connected
2021-09-24T21:39:52.449Z [info] socket.io client connected
2021-09-24T21:55:56.383Z [info] socket.io client connected
2021-09-24T21:55:56.485Z [info] socket.io client connected
2021-09-24T22:12:00.839Z [info] socket.io client connected
2021-09-24T22:12:00.858Z [info] socket.io client connected
2021-09-24T22:28:39.193Z [info] socket.io client connected
2021-09-24T22:28:39.487Z [info] socket.io client connected
2021-09-24T22:44:09.367Z [info] socket.io client connected
2021-09-24T22:44:09.699Z [info] socket.io client connected
2021-09-24T23:00:11.174Z [info] socket.io client connected
2021-09-24T23:00:11.791Z [info] socket.io client connected
2021-09-24T23:16:50.197Z [info] socket.io client connected
2021-09-24T23:16:50.449Z [info] socket.io client connected
2021-09-24T23:32:30.498Z [info] socket.io client connected
2021-09-24T23:32:31.614Z [info] socket.io client connected
2021-09-24T23:48:28.249Z [info] socket.io client connected
2021-09-24T23:48:28.567Z [info] socket.io client connected
2021-09-25T00:04:02.431Z [info] socket.io client connected
2021-09-25T00:04:03.166Z [info] socket.io client connected
2021-09-25T00:19:32.625Z [info] socket.io client connected
2021-09-25T00:19:33.206Z [info] socket.io client connected
2021-09-25T00:35:23.963Z [info] socket.io client connected
2021-09-25T00:35:24.004Z [info] socket.io client connected
2021-09-25T00:51:25.773Z [info] socket.io client connected
2021-09-25T00:51:26.027Z [info] socket.io client connected
2021-09-25T01:06:52.352Z [info] socket.io client connected
2021-09-25T01:06:52.448Z [info] socket.io client connected
2021-09-25T01:24:27.359Z [info] socket.io client connected
2021-09-25T01:24:27.373Z [info] socket.io client connected
2021-09-25T01:40:27.615Z [info] socket.io client connected
2021-09-25T01:40:27.925Z [info] socket.io client connected
2021-09-25T01:57:46.743Z [info] socket.io client connected
2021-09-25T01:57:46.895Z [info] socket.io client connected
2021-09-25T02:13:44.783Z [info] socket.io client connected
2021-09-25T02:13:45.948Z [info] socket.io client connected
2021-09-25T02:30:21.482Z [info] socket.io client connected
2021-09-25T02:30:22.047Z [info] socket.io client connected
2021-09-25T02:45:56.385Z [info] socket.io client connected
2021-09-25T02:45:57.239Z [info] socket.io client connected
2021-09-25T03:01:37.347Z [info] socket.io client connected
2021-09-25T03:01:37.802Z [info] socket.io client connected
2021-09-25T03:18:31.683Z [info] socket.io client connected
2021-09-25T03:18:32.153Z [info] socket.io client connected
2021-09-25T03:34:18.874Z [info] socket.io client connected
2021-09-25T03:34:19.167Z [info] socket.io client connected
2021-09-25T03:50:39.724Z [info] socket.io client connected
2021-09-25T03:50:40.772Z [info] socket.io client connected
2021-09-25T04:06:26.087Z [info] socket.io client connected
2021-09-25T04:06:26.894Z [info] socket.io client connected
2021-09-25T04:22:11.314Z [info] socket.io client connected
2021-09-25T04:22:12.268Z [info] socket.io client connected
2021-09-25T04:27:10.757Z [info] socket.io client connected
2021-09-25T04:27:11.362Z [info] socket.io client connected
2021-09-28T16:59:47.200Z [info] FUXA V.1.1.01-469
2021-09-28T16:59:47.212Z [info] daqstorage: init successful!
2021-09-28T16:59:47.313Z [info] api: init successful!
2021-09-28T16:59:47.315Z [info] plugin-installed node-opcua 2.50.0
2021-09-28T16:59:47.315Z [info] plugin-installed node-bacnet 0.2.4
2021-09-28T16:59:47.315Z [info] plugin-installed node-snap7 1.0.6
2021-09-28T16:59:47.316Z [info] runtime init plugins successful!
2021-09-28T16:59:47.317Z [info] usrstorage.connected /Users/bilal/Documents/GitHub/FUXA/server/_appdata/users.fuxap.db database
2021-09-28T16:59:47.317Z [info] prjstorage.connected-to /Users/bilal/Documents/GitHub/FUXA/server/_appdata/project.fuxap.db database
2021-09-28T16:59:47.322Z [info] project.prjstorage-init-successful!
2021-09-28T16:59:47.322Z [info] runtime init project successful!
2021-09-28T16:59:47.322Z [info] users.usrstorage-init successful!
2021-09-28T16:59:47.322Z [info] runtime init users successful!
2021-09-28T16:59:47.322Z [info] FUXA init in  132ms.
2021-09-28T16:59:47.326Z [info] daqstorage reset!
2021-09-28T16:59:47.327Z [info] FUXA started!
2021-09-28T16:59:47.370Z [info] WebServer is running http://127.0.0.1:8080/
2021-09-28T16:59:48.337Z [info] alarmsstorage.connected-to /Users/bilal/Documents/GitHub/FUXA/server/_appdata/alarms.fuxap.db database.
2021-09-28T16:59:48.338Z [info] alarms.alarmstorage-init-successful!
2021-09-28T17:01:08.588Z [info] alarms.stop-checkstatus!
2021-09-28T17:01:10.464Z [info] FUXA V.1.1.01-469
2021-09-28T17:01:10.474Z [info] daqstorage: init successful!
2021-09-28T17:01:10.573Z [info] api: init successful!
2021-09-28T17:01:10.576Z [info] plugin-installed node-opcua 2.50.0
2021-09-28T17:01:10.576Z [info] plugin-installed node-bacnet 0.2.4
2021-09-28T17:01:10.576Z [info] plugin-installed node-snap7 1.0.6
2021-09-28T17:01:10.576Z [info] runtime init plugins successful!
2021-09-28T17:01:10.577Z [info] usrstorage.connected /Users/bilal/Documents/GitHub/FUXA/server/_appdata/users.fuxap.db database
2021-09-28T17:01:10.577Z [info] prjstorage.connected-to /Users/bilal/Documents/GitHub/FUXA/server/_appdata/project.fuxap.db database
2021-09-28T17:01:10.578Z [info] project.prjstorage-init-successful!
2021-09-28T17:01:10.579Z [info] runtime init project successful!
2021-09-28T17:01:10.579Z [info] users.usrstorage-init successful!
2021-09-28T17:01:10.579Z [info] runtime init users successful!
2021-09-28T17:01:10.579Z [info] FUXA init in  125ms.
2021-09-28T17:01:10.584Z [info] daqstorage reset!
2021-09-28T17:01:10.585Z [info] FUXA started!
2021-09-28T17:01:10.610Z [info] WebServer is running http://127.0.0.1:8080/
2021-09-28T17:01:11.594Z [info] alarmsstorage.connected-to /Users/bilal/Documents/GitHub/FUXA/server/_appdata/alarms.fuxap.db database.
2021-09-28T17:01:11.595Z [info] alarms.alarmstorage-init-successful!
2021-09-28T17:01:13.474Z [info] alarms.stop-checkstatus!
2021-09-28T17:09:21.958Z [info] FUXA V.1.1.01-469
2021-09-28T17:09:21.972Z [info] daqstorage: init successful!
2021-09-28T17:09:22.078Z [info] api: init successful!
2021-09-28T17:09:22.080Z [info] plugin-installed node-opcua 2.50.0
2021-09-28T17:09:22.081Z [info] plugin-installed node-bacnet 0.2.4
2021-09-28T17:09:22.081Z [info] plugin-installed node-snap7 1.0.6
2021-09-28T17:09:22.081Z [info] runtime init plugins successful!
2021-09-28T17:09:22.082Z [info] usrstorage.connected /Users/bilal/Documents/GitHub/FUXA/server/_appdata/users.fuxap.db database
2021-09-28T17:09:22.082Z [info] prjstorage.connected-to /Users/bilal/Documents/GitHub/FUXA/server/_appdata/project.fuxap.db database
2021-09-28T17:09:22.085Z [info] project.prjstorage-init-successful!
2021-09-28T17:09:22.085Z [info] runtime init project successful!
2021-09-28T17:09:22.086Z [info] users.usrstorage-init successful!
2021-09-28T17:09:22.086Z [info] runtime init users successful!
2021-09-28T17:09:22.086Z [info] FUXA init in  139ms.
2021-09-28T17:09:22.089Z [info] daqstorage reset!
2021-09-28T17:09:22.090Z [info] FUXA started!
2021-09-28T17:09:22.114Z [info] WebServer is running http://127.0.0.1:8080/
2021-09-28T17:09:23.100Z [info] alarmsstorage.connected-to /Users/bilal/Documents/GitHub/FUXA/server/_appdata/alarms.fuxap.db database.
2021-09-28T17:09:23.101Z [info] alarms.alarmstorage-init-successful!
2021-09-28T17:09:25.103Z [info] alarms.stop-checkstatus!
2021-09-28T17:55:30.025Z [info] FUXA V.1.1.01-469
2021-09-28T17:55:30.035Z [info] daqstorage: init successful!
2021-09-28T17:55:30.150Z [info] api: init successful!
2021-09-28T17:55:30.152Z [info] plugin-installed node-opcua 2.50.0
2021-09-28T17:55:30.152Z [info] plugin-installed node-bacnet 0.2.4
2021-09-28T17:55:30.152Z [info] plugin-installed node-snap7 1.0.6
2021-09-28T17:55:30.152Z [info] runtime init plugins successful!
2021-09-28T17:55:30.154Z [info] usrstorage.connected /Users/bilal/Documents/GitHub/FUXA/server/_appdata/users.fuxap.db database
2021-09-28T17:55:30.154Z [info] prjstorage.connected-to /Users/bilal/Documents/GitHub/FUXA/server/_appdata/project.fuxap.db database
2021-09-28T17:55:30.159Z [info] project.prjstorage-init-successful!
2021-09-28T17:55:30.159Z [info] runtime init project successful!
2021-09-28T17:55:30.159Z [info] users.usrstorage-init successful!
2021-09-28T17:55:30.159Z [info] runtime init users successful!
2021-09-28T17:55:30.159Z [info] FUXA init in  145ms.
2021-09-28T17:55:30.163Z [info] daqstorage reset!
2021-09-28T17:55:30.164Z [info] FUXA started!
2021-09-28T17:55:30.205Z [info] WebServer is running http://127.0.0.1:8080/
2021-09-28T17:55:31.175Z [info] alarmsstorage.connected-to /Users/bilal/Documents/GitHub/FUXA/server/_appdata/alarms.fuxap.db database.
2021-09-28T17:55:31.176Z [info] alarms.alarmstorage-init-successful!
2021-09-29T05:48:19.955Z [info] alarms.stop-checkstatus!
2021-09-29T05:49:06.975Z [info] FUXA V.1.1.01-469
2021-09-29T05:49:06.986Z [info] daqstorage: init successful!
2021-09-29T05:49:07.082Z [info] api: init successful!
2021-09-29T05:49:07.085Z [info] plugin-installed node-opcua 2.50.0
2021-09-29T05:49:07.085Z [info] plugin-installed node-bacnet 0.2.4
2021-09-29T05:49:07.085Z [info] plugin-installed node-snap7 1.0.6
2021-09-29T05:49:07.085Z [info] runtime init plugins successful!
2021-09-29T05:49:07.086Z [info] prjstorage.connected-to /Users/bilal/Documents/GitHub/FUXA/server/_appdata/project.fuxap.db database
2021-09-29T05:49:07.087Z [info] usrstorage.connected /Users/bilal/Documents/GitHub/FUXA/server/_appdata/users.fuxap.db database
2021-09-29T05:49:07.089Z [info] project.prjstorage-init-successful!
2021-09-29T05:49:07.089Z [info] runtime init project successful!
2021-09-29T05:49:07.090Z [info] users.usrstorage-init successful!
2021-09-29T05:49:07.090Z [info] runtime init users successful!
2021-09-29T05:49:07.090Z [info] FUXA init in  126ms.
2021-09-29T05:49:07.093Z [info] daqstorage reset!
2021-09-29T05:49:07.094Z [info] FUXA started!
2021-09-29T05:49:07.120Z [info] WebServer is running http://127.0.0.1:8080/
2021-09-29T05:49:08.104Z [info] alarmsstorage.connected-to /Users/bilal/Documents/GitHub/FUXA/server/_appdata/alarms.fuxap.db database.
2021-09-29T05:49:08.106Z [info] alarms.alarmstorage-init-successful!
2021-09-29T05:51:37.545Z [info] alarms.stop-checkstatus!
2021-09-29T05:51:39.150Z [info] FUXA V.1.1.01-469
2021-09-29T05:51:39.162Z [info] daqstorage: init successful!
2021-09-29T05:51:39.240Z [info] api: init successful!
2021-09-29T05:51:39.242Z [info] plugin-installed node-opcua 2.50.0
2021-09-29T05:51:39.244Z [info] plugin-installed node-bacnet 0.2.4
2021-09-29T05:51:39.244Z [info] plugin-installed node-snap7 1.0.6
2021-09-29T05:51:39.244Z [info] runtime init plugins successful!
2021-09-29T05:51:39.245Z [info] prjstorage.connected-to /Users/bilal/Documents/GitHub/FUXA/server/_appdata/project.fuxap.db database
2021-09-29T05:51:39.245Z [info] usrstorage.connected /Users/bilal/Documents/GitHub/FUXA/server/_appdata/users.fuxap.db database
2021-09-29T05:51:39.250Z [info] project.prjstorage-init-successful!
2021-09-29T05:51:39.250Z [info] runtime init project successful!
2021-09-29T05:51:39.251Z [info] users.usrstorage-init successful!
2021-09-29T05:51:39.251Z [info] runtime init users successful!
2021-09-29T05:51:39.251Z [info] FUXA init in  111ms.
2021-09-29T05:51:39.255Z [info] daqstorage reset!
2021-09-29T05:51:39.256Z [info] FUXA started!
2021-09-29T05:51:39.282Z [info] WebServer is running http://127.0.0.1:8080/
2021-09-29T05:51:40.261Z [info] alarmsstorage.connected-to /Users/bilal/Documents/GitHub/FUXA/server/_appdata/alarms.fuxap.db database.
2021-09-29T05:51:40.262Z [info] alarms.alarmstorage-init-successful!
2021-09-29T05:51:43.858Z [info] socket.io client connected
2021-09-29T05:51:59.275Z [info] alarms.stop-checkstatus!
2021-10-04T05:11:12.753Z [info] FUXA V.1.1.01-469
2021-10-04T05:11:12.763Z [info] daqstorage: init successful!
2021-10-04T05:11:12.866Z [info] api: init successful!
2021-10-04T05:11:12.869Z [info] plugin-installed node-opcua 2.50.0
2021-10-04T05:11:12.869Z [info] plugin-installed node-bacnet 0.2.4
2021-10-04T05:11:12.869Z [info] plugin-installed node-snap7 1.0.6
2021-10-04T05:11:12.869Z [info] runtime init plugins successful!
2021-10-04T05:11:12.870Z [info] usrstorage.connected /Users/bilal/Documents/GitHub/FUXA/server/_appdata/users.fuxap.db database
2021-10-04T05:11:12.871Z [info] prjstorage.connected-to /Users/bilal/Documents/GitHub/FUXA/server/_appdata/project.fuxap.db database
2021-10-04T05:11:12.875Z [info] project.prjstorage-init-successful!
2021-10-04T05:11:12.875Z [info] runtime init project successful!
2021-10-04T05:11:12.875Z [info] users.usrstorage-init successful!
2021-10-04T05:11:12.875Z [info] runtime init users successful!
2021-10-04T05:11:12.876Z [info] FUXA init in  133ms.
2021-10-04T05:11:12.879Z [info] daqstorage reset!
2021-10-04T05:11:12.880Z [info] FUXA started!
2021-10-04T05:11:12.925Z [info] WebServer is running http://127.0.0.1:8080/
2021-10-04T05:11:13.886Z [info] alarmsstorage.connected-to /Users/bilal/Documents/GitHub/FUXA/server/_appdata/alarms.fuxap.db database.
2021-10-04T05:11:13.887Z [info] alarms.alarmstorage-init-successful!
2021-10-04T05:11:27.584Z [info] socket.io client connected
2021-10-04T05:15:27.909Z [info] alarms.stop-checkstatus!
2021-10-04T15:31:07.944Z [info] FUXA V.1.1.01-469
2021-10-04T15:31:07.957Z [info] daqstorage: init successful!
2021-10-04T15:31:08.077Z [info] api: init successful!
2021-10-04T15:31:08.081Z [info] plugin-installed node-opcua 2.50.0
2021-10-04T15:31:08.082Z [info] plugin-installed node-bacnet 0.2.4
2021-10-04T15:31:08.082Z [info] plugin-installed node-snap7 1.0.6
2021-10-04T15:31:08.082Z [info] runtime init plugins successful!
2021-10-04T15:31:08.083Z [info] usrstorage.connected /home/ubuntu/fuxa/server/_appdata/users.fuxap.db database
2021-10-04T15:31:08.083Z [info] prjstorage.connected-to /home/ubuntu/fuxa/server/_appdata/project.fuxap.db database
2021-10-04T15:31:08.085Z [info] project.prjstorage-init-successful!
2021-10-04T15:31:08.085Z [info] runtime init project successful!
2021-10-04T15:31:08.087Z [info] users.usrstorage-init successful!
2021-10-04T15:31:08.087Z [info] runtime init users successful!
2021-10-04T15:31:08.087Z [info] FUXA init in  157ms.
2021-10-04T15:31:08.094Z [info] daqstorage reset!
2021-10-04T15:31:08.096Z [info] FUXA started!
2021-10-04T15:31:08.099Z [info] WebServer is running http://127.0.0.1:8080/
2021-10-04T15:31:09.095Z [info] alarmsstorage.connected-to /home/ubuntu/fuxa/server/_appdata/alarms.fuxap.db database.
2021-10-04T15:31:09.096Z [info] alarms.alarmstorage-init-successful!
2021-10-04T15:34:19.211Z [info] socket.io client connected
2021-10-04T15:34:40.094Z [info] alarms.stop-checkstatus!
2021-10-04T15:43:02.778Z [info] FUXA V.1.1.01-469
2021-10-04T15:43:02.791Z [info] daqstorage: init successful!
2021-10-04T15:43:02.882Z [info] api: init successful!
2021-10-04T15:43:02.885Z [info] plugin-installed node-opcua 2.50.0
2021-10-04T15:43:02.886Z [info] plugin-installed node-bacnet 0.2.4
2021-10-04T15:43:02.886Z [info] plugin-installed node-snap7 1.0.6
2021-10-04T15:43:02.886Z [info] runtime init plugins successful!
2021-10-04T15:43:02.887Z [info] prjstorage.connected-to /home/ubuntu/fuxa/server/_appdata/project.fuxap.db database
2021-10-04T15:43:02.887Z [info] usrstorage.connected /home/ubuntu/fuxa/server/_appdata/users.fuxap.db database
2021-10-04T15:43:02.890Z [info] project.prjstorage-init-successful!
2021-10-04T15:43:02.890Z [info] runtime init project successful!
2021-10-04T15:43:02.891Z [info] users.usrstorage-init successful!
2021-10-04T15:43:02.891Z [info] runtime init users successful!
2021-10-04T15:43:02.891Z [info] FUXA init in  131ms.
2021-10-04T15:43:02.905Z [info] daqstorage reset!
2021-10-04T15:43:02.907Z [info] FUXA started!
2021-10-04T15:43:02.911Z [info] WebServer is running http://127.0.0.1:8080/
2021-10-04T15:43:03.077Z [info] socket.io client connected
2021-10-04T15:43:03.908Z [info] alarmsstorage.connected-to /home/ubuntu/fuxa/server/_appdata/alarms.fuxap.db database.
2021-10-04T15:43:03.908Z [info] alarms.alarmstorage-init-successful!
2021-10-04T15:43:16.374Z [info] socket.io client connected
2021-10-04T15:43:18.395Z [info] socket.io client connected
2021-10-04T15:43:33.323Z [info] socket.io client connected
2021-10-04T15:44:02.709Z [info] socket.io client connected
2021-10-04T15:45:37.978Z [info] socket.io client connected
2021-10-04T15:45:43.368Z [info] socket.io client connected
2021-10-04T15:54:25.261Z [info] socket.io client connected
2021-10-04T15:54:59.512Z [info] project.prjstorage.set-project successfull!
2021-10-04T15:54:59.512Z [info] alarms.stop-checkstatus!
2021-10-04T15:54:59.512Z [info] runtime.update-project: stopped!
2021-10-04T15:54:59.515Z [info] daqstorage reset!
2021-10-04T15:54:59.517Z [info] runtime.update-project: restart!
2021-10-04T15:55:00.516Z [info] alarmsstorage.connected-to /home/ubuntu/fuxa/server/_appdata/alarms.fuxap.db database.
2021-10-04T15:55:00.517Z [info] alarms.alarmstorage-init-successful!
2021-10-04T16:01:21.211Z [info] alarms.stop-checkstatus!
2021-10-05T19:27:16.340Z [info] FUXA V.1.1.01-469
2021-10-05T19:27:16.349Z [info] daqstorage: init successful!
2021-10-05T19:27:16.442Z [info] api: init successful!
2021-10-05T19:27:16.444Z [info] plugin-installed node-opcua 2.50.0
2021-10-05T19:27:16.445Z [info] plugin-installed node-bacnet 0.2.4
2021-10-05T19:27:16.445Z [info] plugin-installed node-snap7 1.0.6
2021-10-05T19:27:16.445Z [info] runtime init plugins successful!
2021-10-05T19:27:16.446Z [info] prjstorage.connected-to /Users/bilal/Documents/GitHub/FUXA/server/_appdata/project.fuxap.db database
2021-10-05T19:27:16.446Z [info] usrstorage.connected /Users/bilal/Documents/GitHub/FUXA/server/_appdata/users.fuxap.db database
2021-10-05T19:27:16.450Z [info] project.prjstorage-init-successful!
2021-10-05T19:27:16.450Z [info] runtime init project successful!
2021-10-05T19:27:16.451Z [info] users.usrstorage-init successful!
2021-10-05T19:27:16.451Z [info] runtime init users successful!
2021-10-05T19:27:16.451Z [info] FUXA init in  123ms.
2021-10-05T19:27:16.454Z [info] daqstorage reset!
2021-10-05T19:27:16.455Z [info] FUXA started!
2021-10-05T19:27:16.483Z [info] WebServer is running http://127.0.0.1:8080/
2021-10-05T19:27:17.466Z [info] alarmsstorage.connected-to /Users/bilal/Documents/GitHub/FUXA/server/_appdata/alarms.fuxap.db database.
2021-10-05T19:27:17.467Z [info] alarms.alarmstorage-init-successful!
2021-10-05T19:27:23.181Z [info] alarms.stop-checkstatus!
2021-10-05T19:35:45.584Z [info] FUXA V.1.1.01-469
2021-10-05T19:35:45.593Z [info] daqstorage: init successful!
2021-10-05T19:35:45.693Z [info] api: init successful!
2021-10-05T19:35:45.695Z [info] plugin-installed node-opcua 2.50.0
2021-10-05T19:35:45.695Z [info] plugin-installed node-bacnet 0.2.4
2021-10-05T19:35:45.696Z [info] plugin-installed node-snap7 1.0.6
2021-10-05T19:35:45.696Z [info] runtime init plugins successful!
2021-10-05T19:35:45.697Z [info] prjstorage.connected-to /Users/bilal/Documents/GitHub/FUXA/server/_appdata/project.fuxap.db database
2021-10-05T19:35:45.697Z [info] usrstorage.connected /Users/bilal/Documents/GitHub/FUXA/server/_appdata/users.fuxap.db database
2021-10-05T19:35:45.700Z [info] project.prjstorage-init-successful!
2021-10-05T19:35:45.700Z [info] runtime init project successful!
2021-10-05T19:35:45.700Z [info] users.usrstorage-init successful!
2021-10-05T19:35:45.701Z [info] runtime init users successful!
2021-10-05T19:35:45.701Z [info] FUXA init in  127ms.
2021-10-05T19:35:45.704Z [info] daqstorage reset!
2021-10-05T19:35:45.705Z [info] FUXA started!
2021-10-05T19:35:45.732Z [info] WebServer is running http://127.0.0.1:8080/
2021-10-05T19:35:46.715Z [info] alarmsstorage.connected-to /Users/bilal/Documents/GitHub/FUXA/server/_appdata/alarms.fuxap.db database.
2021-10-05T19:35:46.716Z [info] alarms.alarmstorage-init-successful!
2021-10-05T19:35:48.709Z [info] alarms.stop-checkstatus!
2021-10-05T19:37:29.180Z [info] FUXA V.1.1.01-469
2021-10-05T19:37:29.189Z [info] daqstorage: init successful!
2021-10-05T19:37:29.296Z [info] api: init successful!
2021-10-05T19:37:29.299Z [info] plugin-installed node-opcua 2.50.0
2021-10-05T19:37:29.299Z [info] plugin-installed node-bacnet 0.2.4
2021-10-05T19:37:29.299Z [info] plugin-installed node-snap7 1.0.6
2021-10-05T19:37:29.299Z [info] runtime init plugins successful!
2021-10-05T19:37:29.300Z [info] prjstorage.connected-to /Users/bilal/Documents/GitHub/FUXA/server/_appdata/project.fuxap.db database
2021-10-05T19:37:29.301Z [info] usrstorage.connected /Users/bilal/Documents/GitHub/FUXA/server/_appdata/users.fuxap.db database
2021-10-05T19:37:29.305Z [info] project.prjstorage-init-successful!
2021-10-05T19:37:29.305Z [info] runtime init project successful!
2021-10-05T19:37:29.306Z [info] users.usrstorage-init successful!
2021-10-05T19:37:29.306Z [info] runtime init users successful!
2021-10-05T19:37:29.306Z [info] FUXA init in  138ms.
2021-10-05T19:37:29.309Z [info] daqstorage reset!
2021-10-05T19:37:29.310Z [info] FUXA started!
2021-10-05T19:37:29.333Z [info] WebServer is running http://127.0.0.1:8080/
2021-10-05T19:37:30.317Z [info] alarmsstorage.connected-to /Users/bilal/Documents/GitHub/FUXA/server/_appdata/alarms.fuxap.db database.
2021-10-05T19:37:30.318Z [info] alarms.alarmstorage-init-successful!
2021-10-05T19:37:31.019Z [info] alarms.stop-checkstatus!
2021-10-06T05:54:53.644Z [info] FUXA V.1.1.01-469
2021-10-06T05:54:53.666Z [info] daqstorage: init successful!
2021-10-06T05:54:53.768Z [info] api: init successful!
2021-10-06T05:54:53.771Z [info] plugin-installed node-opcua 2.50.0
2021-10-06T05:54:53.771Z [info] plugin-installed node-bacnet 0.2.4
2021-10-06T05:54:53.771Z [info] plugin-installed node-snap7 1.0.6
2021-10-06T05:54:53.771Z [info] runtime init plugins successful!
2021-10-06T05:54:53.773Z [info] prjstorage.connected-to /Users/bilal/Documents/GitHub/FUXA/server/_appdata/project.fuxap.db database
2021-10-06T05:54:53.773Z [info] usrstorage.connected /Users/bilal/Documents/GitHub/FUXA/server/_appdata/users.fuxap.db database
2021-10-06T05:54:53.776Z [info] project.prjstorage-init-successful!
2021-10-06T05:54:53.776Z [info] runtime init project successful!
2021-10-06T05:54:53.776Z [info] users.usrstorage-init successful!
2021-10-06T05:54:53.777Z [info] runtime init users successful!
2021-10-06T05:54:53.777Z [info] FUXA init in  145ms.
2021-10-06T05:54:53.780Z [info] daqstorage reset!
2021-10-06T05:54:53.781Z [info] FUXA started!
2021-10-06T05:54:53.815Z [info] WebServer is running http://127.0.0.1:8080/
2021-10-06T05:54:54.793Z [info] alarmsstorage.connected-to /Users/bilal/Documents/GitHub/FUXA/server/_appdata/alarms.fuxap.db database.
2021-10-06T05:54:54.795Z [info] alarms.alarmstorage-init-successful!
2021-10-06T05:55:49.460Z [info] alarms.stop-checkstatus!
2021-10-06T05:55:50.838Z [info] FUXA V.1.1.01-469
2021-10-06T05:55:50.849Z [info] daqstorage: init successful!
2021-10-06T05:55:50.944Z [info] api: init successful!
2021-10-06T05:55:50.946Z [info] plugin-installed node-opcua 2.50.0
2021-10-06T05:55:50.947Z [info] plugin-installed node-bacnet 0.2.4
2021-10-06T05:55:50.947Z [info] plugin-installed node-snap7 1.0.6
2021-10-06T05:55:50.947Z [info] runtime init plugins successful!
2021-10-06T05:55:50.949Z [info] usrstorage.connected /Users/bilal/Documents/GitHub/FUXA/server/_appdata/users.fuxap.db database
2021-10-06T05:55:50.949Z [info] prjstorage.connected-to /Users/bilal/Documents/GitHub/FUXA/server/_appdata/project.fuxap.db database
2021-10-06T05:55:50.950Z [info] project.prjstorage-init-successful!
2021-10-06T05:55:50.950Z [info] runtime init project successful!
2021-10-06T05:55:50.951Z [info] users.usrstorage-init successful!
2021-10-06T05:55:50.951Z [info] runtime init users successful!
2021-10-06T05:55:50.951Z [info] FUXA init in  123ms.
2021-10-06T05:55:50.956Z [info] daqstorage reset!
2021-10-06T05:55:50.957Z [info] FUXA started!
2021-10-06T05:55:50.981Z [info] WebServer is running http://127.0.0.1:8080/
2021-10-06T05:55:51.962Z [info] alarmsstorage.connected-to /Users/bilal/Documents/GitHub/FUXA/server/_appdata/alarms.fuxap.db database.
2021-10-06T05:55:51.962Z [info] alarms.alarmstorage-init-successful!
2021-10-06T05:56:49.725Z [info] alarms.stop-checkstatus!
2021-10-06T05:56:51.058Z [info] FUXA V.1.1.01-469
2021-10-06T05:56:51.067Z [info] daqstorage: init successful!
2021-10-06T05:56:51.163Z [info] api: init successful!
2021-10-06T05:56:51.166Z [info] plugin-installed node-opcua 2.50.0
2021-10-06T05:56:51.166Z [info] plugin-installed node-bacnet 0.2.4
2021-10-06T05:56:51.166Z [info] plugin-installed node-snap7 1.0.6
2021-10-06T05:56:51.166Z [info] runtime init plugins successful!
2021-10-06T05:56:51.167Z [info] usrstorage.connected /Users/bilal/Documents/GitHub/FUXA/server/_appdata/users.fuxap.db database
2021-10-06T05:56:51.167Z [info] prjstorage.connected-to /Users/bilal/Documents/GitHub/FUXA/server/_appdata/project.fuxap.db database
2021-10-06T05:56:51.169Z [info] project.prjstorage-init-successful!
2021-10-06T05:56:51.169Z [info] runtime init project successful!
2021-10-06T05:56:51.169Z [info] users.usrstorage-init successful!
2021-10-06T05:56:51.169Z [info] runtime init users successful!
2021-10-06T05:56:51.169Z [info] FUXA init in  124ms.
2021-10-06T05:56:51.173Z [info] daqstorage reset!
2021-10-06T05:56:51.174Z [info] FUXA started!
2021-10-06T05:56:51.197Z [info] WebServer is running http://127.0.0.1:8080/
2021-10-06T05:56:52.182Z [info] alarmsstorage.connected-to /Users/bilal/Documents/GitHub/FUXA/server/_appdata/alarms.fuxap.db database.
2021-10-06T05:56:52.183Z [info] alarms.alarmstorage-init-successful!
2021-10-06T05:57:40.592Z [info] alarms.stop-checkstatus!
